TN:
SF:src/actions.ts
FN:12,sendBrowser
FN:16,handleFunctionCall
FN:191,(anonymous_2)
FN:200,(anonymous_3)
FN:211,(anonymous_4)
FNF:5
FNH:2
FNDA:18,sendBrowser
FNDA:23,handleFunctionCall
FNDA:0,(anonymous_2)
FNDA:0,(anonymous_3)
FNDA:0,(anonymous_4)
DA:1,2
DA:2,2
DA:3,2
DA:5,2
DA:7,2
DA:13,18
DA:16,2
DA:24,23
DA:26,23
DA:32,15
DA:33,14
DA:34,14
DA:35,2
DA:36,2
DA:37,2
DA:39,12
DA:42,13
DA:43,13
DA:44,13
DA:45,13
DA:46,13
DA:49,13
DA:58,13
DA:65,13
DA:74,8
DA:75,8
DA:76,8
DA:77,1
DA:78,1
DA:79,1
DA:81,7
DA:84,7
DA:85,7
DA:86,7
DA:88,7
DA:89,1
DA:93,1
DA:96,6
DA:97,1
DA:101,1
DA:104,5
DA:105,5
DA:106,5
DA:107,5
DA:114,5
DA:115,5
DA:122,0
DA:123,0
DA:125,5
DA:129,0
DA:130,0
DA:131,0
DA:136,0
DA:137,0
DA:138,0
DA:140,0
DA:141,0
DA:143,0
DA:147,0
DA:148,0
DA:149,0
DA:151,0
DA:152,0
DA:156,0
DA:159,0
DA:160,0
DA:161,0
DA:167,0
DA:168,0
DA:170,0
DA:174,0
DA:175,0
DA:177,0
DA:181,0
DA:182,0
DA:183,0
DA:186,0
DA:187,0
DA:188,0
DA:189,0
DA:191,0
DA:192,0
DA:193,0
DA:196,0
DA:200,0
DA:208,0
DA:209,0
DA:211,0
DA:214,0
DA:220,0
DA:222,0
DA:232,0
DA:233,0
DA:235,0
DA:239,0
LF:95
LH:47
BRDA:13,0,0,18
BRDA:13,0,1,0
BRDA:22,1,0,1
BRDA:26,2,0,15
BRDA:26,2,1,8
BRDA:26,2,2,0
BRDA:26,2,3,0
BRDA:26,2,4,0
BRDA:26,2,5,0
BRDA:32,3,0,14
BRDA:32,3,1,1
BRDA:34,4,0,2
BRDA:34,4,1,12
BRDA:43,5,0,13
BRDA:43,5,1,1
BRDA:44,6,0,13
BRDA:44,6,1,12
BRDA:45,7,0,13
BRDA:45,7,1,12
BRDA:46,8,0,13
BRDA:46,8,1,13
BRDA:74,9,0,8
BRDA:74,9,1,0
BRDA:76,10,0,1
BRDA:76,10,1,7
BRDA:86,11,0,7
BRDA:86,11,1,7
BRDA:88,12,0,1
BRDA:88,12,1,6
BRDA:96,13,0,1
BRDA:96,13,1,5
BRDA:105,14,0,5
BRDA:105,14,1,5
BRDA:110,15,0,5
BRDA:110,15,1,0
BRDA:114,16,0,5
BRDA:114,16,1,0
BRDA:136,17,0,0
BRDA:136,17,1,0
BRDA:148,18,0,0
BRDA:148,18,1,0
BRDA:149,19,0,0
BRDA:149,19,1,0
BRDA:151,20,0,0
BRDA:151,20,1,0
BRDA:160,21,0,0
BRDA:160,21,1,0
BRDA:160,22,0,0
BRDA:160,22,1,0
BRDA:164,23,0,0
BRDA:164,23,1,0
BRDA:174,24,0,0
BRDA:174,24,1,0
BRDA:181,25,0,0
BRDA:181,25,1,0
BRDA:201,26,0,0
BRDA:201,26,1,0
BRDA:209,27,0,0
BRDA:209,27,1,0
BRF:59
BRH:29
end_of_record
TN:
SF:src/auth.ts
FN:19,verifyToken
FNF:1
FNH:1
FNDA:4,verifyToken
DA:1,1
DA:5,1
DA:19,1
DA:20,4
DA:21,4
DA:22,3
DA:24,1
LF:7
LH:7
BRDA:21,0,0,3
BRDA:21,0,1,1
BRDA:21,1,0,4
BRDA:21,1,1,2
BRDA:22,2,0,3
BRDA:22,2,1,1
BRF:6
BRH:6
end_of_record
TN:
SF:src/calendar.ts
FN:35,makeOAuthClient
FN:44,loadTokens
FN:61,saveTokens
FN:71,getAuthClient
FN:98,getCalendarClient
FN:104,getTasksClient
FN:110,getUpcomingEvents
FN:127,(anonymous_7)
FN:141,createCalendarEvent
FN:171,getGoogleTasks
FN:189,(anonymous_10)
FN:190,(anonymous_11)
FN:205,createGoogleTask
FN:240,exchangeAndStoreTokens
FN:256,hasTasksScope
FN:265,getOAuthUrl
FNF:16
FNH:0
FNDA:0,makeOAuthClient
FNDA:0,loadTokens
FNDA:0,saveTokens
FNDA:0,getAuthClient
FNDA:0,getCalendarClient
FNDA:0,getTasksClient
FNDA:0,getUpcomingEvents
FNDA:0,(anonymous_7)
FNDA:0,createCalendarEvent
FNDA:0,getGoogleTasks
FNDA:0,(anonymous_10)
FNDA:0,(anonymous_11)
FNDA:0,createGoogleTask
FNDA:0,exchangeAndStoreTokens
FNDA:0,hasTasksScope
FNDA:0,getOAuthUrl
DA:1,0
DA:2,0
DA:4,0
DA:16,0
DA:36,0
DA:45,0
DA:51,0
DA:53,0
DA:54,0
DA:56,0
DA:62,0
DA:72,0
DA:73,0
DA:75,0
DA:76,0
DA:78,0
DA:79,0
DA:80,0
DA:81,0
DA:86,0
DA:87,0
DA:89,0
DA:90,0
DA:94,0
DA:99,0
DA:100,0
DA:105,0
DA:106,0
DA:110,0
DA:111,0
DA:112,0
DA:114,0
DA:115,0
DA:117,0
DA:118,0
DA:127,0
DA:135,0
DA:136,0
DA:141,0
DA:147,0
DA:148,0
DA:150,0
DA:151,0
DA:153,0
DA:154,0
DA:163,0
DA:165,0
DA:166,0
DA:171,0
DA:172,0
DA:173,0
DA:174,0
DA:176,0
DA:177,0
DA:178,0
DA:180,0
DA:188,0
DA:189,0
DA:190,0
DA:199,0
DA:200,0
DA:205,0
DA:211,0
DA:212,0
DA:213,0
DA:217,0
DA:218,0
DA:219,0
DA:222,0
DA:223,0
DA:231,0
DA:232,0
DA:234,0
DA:235,0
DA:240,0
DA:241,0
DA:242,0
DA:244,0
DA:251,0
DA:252,0
DA:256,0
DA:257,0
DA:258,0
DA:260,0
DA:261,0
DA:265,0
DA:266,0
DA:267,0
LF:88
LH:0
BRDA:51,0,0,0
BRDA:51,0,1,0
BRDA:51,1,0,0
BRDA:51,1,1,0
BRDA:73,2,0,0
BRDA:73,2,1,0
BRDA:78,3,0,0
BRDA:78,3,1,0
BRDA:78,4,0,0
BRDA:78,4,1,0
BRDA:83,5,0,0
BRDA:83,5,1,0
BRDA:84,6,0,0
BRDA:84,6,1,0
BRDA:100,7,0,0
BRDA:100,7,1,0
BRDA:106,8,0,0
BRDA:106,8,1,0
BRDA:112,9,0,0
BRDA:112,9,1,0
BRDA:127,10,0,0
BRDA:127,10,1,0
BRDA:128,11,0,0
BRDA:128,11,1,0
BRDA:129,12,0,0
BRDA:129,12,1,0
BRDA:130,13,0,0
BRDA:130,13,1,0
BRDA:130,13,2,0
BRDA:131,14,0,0
BRDA:131,14,1,0
BRDA:131,14,2,0
BRDA:148,15,0,0
BRDA:148,15,1,0
BRDA:163,16,0,0
BRDA:163,16,1,0
BRDA:172,17,0,0
BRDA:172,17,1,0
BRDA:174,18,0,0
BRDA:174,18,1,0
BRDA:188,19,0,0
BRDA:188,19,1,0
BRDA:191,20,0,0
BRDA:191,20,1,0
BRDA:192,21,0,0
BRDA:192,21,1,0
BRDA:193,22,0,0
BRDA:193,22,1,0
BRDA:194,23,0,0
BRDA:194,23,1,0
BRDA:195,24,0,0
BRDA:195,24,1,0
BRDA:211,25,0,0
BRDA:211,25,1,0
BRDA:213,26,0,0
BRDA:213,26,1,0
BRDA:217,27,0,0
BRDA:217,27,1,0
BRDA:228,28,0,0
BRDA:228,28,1,0
BRDA:232,29,0,0
BRDA:232,29,1,0
BRDA:247,30,0,0
BRDA:247,30,1,0
BRDA:248,31,0,0
BRDA:248,31,1,0
BRDA:252,32,0,0
BRDA:252,32,1,0
BRDA:258,33,0,0
BRDA:258,33,1,0
BRDA:260,34,0,0
BRDA:260,34,1,0
BRF:72
BRH:0
end_of_record
TN:
SF:src/context.ts
FN:29,getUtcOffsetString
FN:37,(anonymous_1)
FN:51,startOfDayUTC
FN:62,(anonymous_3)
FN:63,(anonymous_4)
FN:70,loadUserContext
FN:100,(anonymous_6)
FN:101,(anonymous_7)
FN:109,(anonymous_8)
FN:110,(anonymous_9)
FN:118,(anonymous_10)
FN:121,(anonymous_11)
FN:122,(anonymous_12)
FNF:13
FNH:0
FNDA:0,getUtcOffsetString
FNDA:0,(anonymous_1)
FNDA:0,startOfDayUTC
FNDA:0,(anonymous_3)
FNDA:0,(anonymous_4)
FNDA:0,loadUserContext
FNDA:0,(anonymous_6)
FNDA:0,(anonymous_7)
FNDA:0,(anonymous_8)
FNDA:0,(anonymous_9)
FNDA:0,(anonymous_10)
FNDA:0,(anonymous_11)
FNDA:0,(anonymous_12)
DA:1,0
DA:2,0
DA:4,0
DA:30,0
DA:36,0
DA:37,0
DA:39,0
DA:40,0
DA:41,0
DA:42,0
DA:43,0
DA:44,0
DA:52,0
DA:54,0
DA:55,0
DA:57,0
DA:59,0
DA:62,0
DA:63,0
DA:65,0
DA:67,0
DA:70,0
DA:71,0
DA:83,0
DA:84,0
DA:86,0
DA:87,0
DA:89,0
DA:90,0
DA:91,0
DA:94,0
DA:99,0
DA:100,0
DA:101,0
DA:108,0
DA:109,0
DA:110,0
DA:117,0
DA:118,0
DA:120,0
DA:121,0
DA:122,0
DA:132,0
DA:133,0
DA:134,0
DA:136,0
LF:46
LH:0
BRDA:37,0,0,0
BRDA:37,0,1,0
BRDA:40,1,0,0
BRDA:40,1,1,0
BRDA:43,2,0,0
BRDA:43,2,1,0
BRDA:51,3,0,0
BRDA:83,4,0,0
BRDA:83,4,1,0
BRDA:84,5,0,0
BRDA:84,5,1,0
BRDA:86,6,0,0
BRDA:86,6,1,0
BRDA:86,6,2,0
BRDA:100,7,0,0
BRDA:100,7,1,0
BRDA:100,7,2,0
BRDA:109,8,0,0
BRDA:109,8,1,0
BRDA:109,8,2,0
BRDA:121,9,0,0
BRDA:121,9,1,0
BRDA:123,10,0,0
BRDA:123,10,1,0
BRDA:133,11,0,0
BRDA:133,11,1,0
BRDA:133,11,2,0
BRDA:134,12,0,0
BRDA:134,12,1,0
BRDA:140,13,0,0
BRDA:140,13,1,0
BRDA:141,14,0,0
BRDA:141,14,1,0
BRDA:142,15,0,0
BRDA:142,15,1,0
BRDA:148,16,0,0
BRDA:148,16,1,0
BRDA:150,17,0,0
BRDA:150,17,1,0
BRF:39
BRH:0
end_of_record
TN:
SF:src/health.ts
FN:8,buildHealthResponse
FNF:1
FNH:1
FNDA:6,buildHealthResponse
DA:1,6
DA:3,6
DA:6,6
DA:8,6
DA:15,6
DA:20,6
DA:21,6
LF:7
LH:7
BRDA:22,0,0,3
BRDA:22,0,1,3
BRF:2
BRH:2
end_of_record
TN:
SF:src/index.ts
FN:28,(anonymous_1)
FN:106,(anonymous_2)
FN:129,(anonymous_3)
FN:134,(anonymous_4)
FN:183,(anonymous_5)
FN:188,(anonymous_6)
FN:194,(anonymous_7)
FN:199,(anonymous_8)
FN:204,(anonymous_9)
FN:210,(anonymous_10)
FN:229,(anonymous_11)
FN:235,(anonymous_12)
FN:252,(anonymous_13)
FN:259,(anonymous_14)
FN:265,handleControlMessage
FN:317,resetSilenceTimer
FN:320,(anonymous_17)
FN:327,clearSilenceTimer
FN:333,send
FN:337,(anonymous_20)
FN:339,(anonymous_21)
FN:339,(anonymous_22)
FNF:22
FNH:0
FNDA:0,(anonymous_1)
FNDA:0,(anonymous_2)
FNDA:0,(anonymous_3)
FNDA:0,(anonymous_4)
FNDA:0,(anonymous_5)
FNDA:0,(anonymous_6)
FNDA:0,(anonymous_7)
FNDA:0,(anonymous_8)
FNDA:0,(anonymous_9)
FNDA:0,(anonymous_10)
FNDA:0,(anonymous_11)
FNDA:0,(anonymous_12)
FNDA:0,(anonymous_13)
FNDA:0,(anonymous_14)
FNDA:0,handleControlMessage
FNDA:0,resetSilenceTimer
FNDA:0,(anonymous_17)
FNDA:0,clearSilenceTimer
FNDA:0,send
FNDA:0,(anonymous_20)
FNDA:0,(anonymous_21)
FNDA:0,(anonymous_22)
DA:1,0
DA:2,0
DA:3,0
DA:5,0
DA:6,0
DA:7,0
DA:8,0
DA:9,0
DA:10,0
DA:11,0
DA:12,0
DA:13,0
DA:14,0
DA:16,0
DA:21,0
DA:22,0
DA:23,0
DA:24,0
DA:28,0
DA:29,0
DA:32,0
DA:33,0
DA:34,0
DA:35,0
DA:36,0
DA:41,0
DA:42,0
DA:43,0
DA:44,0
DA:45,0
DA:46,0
DA:48,0
DA:49,0
DA:50,0
DA:52,0
DA:54,0
DA:59,0
DA:60,0
DA:61,0
DA:62,0
DA:64,0
DA:65,0
DA:66,0
DA:67,0
DA:70,0
DA:71,0
DA:72,0
DA:74,0
DA:75,0
DA:77,0
DA:81,0
DA:83,0
DA:87,0
DA:88,0
DA:90,0
DA:91,0
DA:92,0
DA:93,0
DA:94,0
DA:95,0
DA:98,0
DA:99,0
DA:102,0
DA:106,0
DA:107,0
DA:108,0
DA:111,0
DA:113,0
DA:114,0
DA:115,0
DA:117,0
DA:118,0
DA:120,0
DA:123,0
DA:124,0
DA:127,0
DA:129,0
DA:130,0
DA:134,0
DA:135,0
DA:136,0
DA:137,0
DA:140,0
DA:141,0
DA:142,0
DA:143,0
DA:147,0
DA:148,0
DA:149,0
DA:150,0
DA:152,0
DA:153,0
DA:154,0
DA:158,0
DA:159,0
DA:160,0
DA:161,0
DA:166,0
DA:167,0
DA:168,0
DA:170,0
DA:171,0
DA:172,0
DA:173,0
DA:177,0
DA:178,0
DA:181,0
DA:184,0
DA:189,0
DA:190,0
DA:195,0
DA:200,0
DA:205,0
DA:206,0
DA:211,0
DA:212,0
DA:213,0
DA:217,0
DA:220,0
DA:229,0
DA:230,0
DA:231,0
DA:235,0
DA:236,0
DA:238,0
DA:239,0
DA:241,0
DA:243,0
DA:244,0
DA:252,0
DA:253,0
DA:254,0
DA:255,0
DA:256,0
DA:259,0
DA:260,0
DA:271,0
DA:273,0
DA:274,0
DA:277,0
DA:278,0
DA:279,0
DA:284,0
DA:285,0
DA:287,0
DA:288,0
DA:289,0
DA:292,0
DA:296,0
DA:304,0
DA:305,0
DA:310,0
DA:315,0
DA:318,0
DA:319,0
DA:320,0
DA:321,0
DA:322,0
DA:323,0
DA:328,0
DA:329,0
DA:334,0
DA:337,0
DA:338,0
DA:339,0
LF:165
LH:0
BRDA:21,0,0,0
BRDA:21,0,1,0
BRDA:29,1,0,0
BRDA:29,1,1,0
BRDA:32,2,0,0
BRDA:32,2,1,0
BRDA:34,3,0,0
BRDA:34,3,1,0
BRDA:41,4,0,0
BRDA:41,4,1,0
BRDA:43,5,0,0
BRDA:43,5,1,0
BRDA:59,6,0,0
BRDA:59,6,1,0
BRDA:62,7,0,0
BRDA:62,7,1,0
BRDA:62,8,0,0
BRDA:62,8,1,0
BRDA:70,9,0,0
BRDA:70,9,1,0
BRDA:81,10,0,0
BRDA:81,10,1,0
BRDA:87,11,0,0
BRDA:87,11,1,0
BRDA:91,12,0,0
BRDA:91,12,1,0
BRDA:92,13,0,0
BRDA:92,13,1,0
BRDA:135,14,0,0
BRDA:135,14,1,0
BRDA:137,15,0,0
BRDA:137,15,1,0
BRDA:140,16,0,0
BRDA:140,16,1,0
BRDA:152,17,0,0
BRDA:152,17,1,0
BRDA:158,18,0,0
BRDA:158,18,1,0
BRDA:184,19,0,0
BRDA:184,19,1,0
BRDA:189,20,0,0
BRDA:189,20,1,0
BRDA:189,21,0,0
BRDA:189,21,1,0
BRDA:236,22,0,0
BRDA:236,22,1,0
BRDA:238,23,0,0
BRDA:238,23,1,0
BRDA:256,24,0,0
BRDA:256,24,1,0
BRDA:271,25,0,0
BRDA:271,25,1,0
BRDA:271,25,2,0
BRDA:271,25,3,0
BRDA:284,26,0,0
BRDA:284,26,1,0
BRDA:287,27,0,0
BRDA:287,27,1,0
BRDA:292,28,0,0
BRDA:292,28,1,0
BRDA:319,29,0,0
BRDA:319,29,1,0
BRDA:329,30,0,0
BRDA:329,30,1,0
BRDA:334,31,0,0
BRDA:334,31,1,0
BRF:66
BRH:0
end_of_record
TN:
SF:src/realtime.ts
FN:75,buildSystemPrompt
FN:83,(anonymous_1)
FN:86,(anonymous_2)
FN:90,(anonymous_3)
FN:135,openRealtimeSession
FN:143,(anonymous_5)
FN:168,(anonymous_6)
FN:240,(anonymous_7)
FN:245,(anonymous_8)
FN:256,sendAudioChunk
FN:265,sendFunctionResult
FNF:11
FNH:1
FNDA:3,buildSystemPrompt
FNDA:0,(anonymous_1)
FNDA:0,(anonymous_2)
FNDA:0,(anonymous_3)
FNDA:0,openRealtimeSession
FNDA:0,(anonymous_5)
FNDA:0,(anonymous_6)
FNDA:0,(anonymous_7)
FNDA:0,(anonymous_8)
FNDA:0,sendAudioChunk
FNDA:0,sendFunctionResult
DA:1,3
DA:4,3
DA:7,3
DA:75,3
DA:76,3
DA:83,0
DA:86,0
DA:90,0
DA:135,3
DA:136,0
DA:143,0
DA:144,0
DA:145,0
DA:168,0
DA:170,0
DA:171,0
DA:173,0
DA:176,0
DA:178,0
DA:181,0
DA:182,0
DA:186,0
DA:187,0
DA:191,0
DA:192,0
DA:195,0
DA:196,0
DA:197,0
DA:201,0
DA:202,0
DA:206,0
DA:207,0
DA:211,0
DA:215,0
DA:216,0
DA:217,0
DA:218,0
DA:219,0
DA:220,0
DA:222,0
DA:224,0
DA:228,0
DA:229,0
DA:230,0
DA:231,0
DA:236,0
DA:240,0
DA:241,0
DA:242,0
DA:245,0
DA:246,0
DA:247,0
DA:250,0
DA:256,3
DA:257,0
DA:258,0
DA:265,3
DA:266,0
DA:267,0
DA:275,0
LF:60
LH:8
BRDA:83,0,0,3
BRDA:83,0,1,3
BRDA:86,1,0,3
BRDA:86,1,1,3
BRDA:89,2,0,0
BRDA:89,2,1,3
BRDA:90,3,0,0
BRDA:90,3,1,0
BRDA:90,4,0,0
BRDA:90,4,1,0
BRDA:91,5,0,0
BRDA:91,5,1,3
BRDA:178,6,0,0
BRDA:178,6,1,0
BRDA:178,6,2,0
BRDA:178,6,3,0
BRDA:178,6,4,0
BRDA:178,6,5,0
BRDA:178,6,6,0
BRDA:178,6,7,0
BRDA:178,6,8,0
BRDA:178,6,9,0
BRDA:178,6,10,0
BRDA:196,7,0,0
BRDA:196,7,1,0
BRDA:206,8,0,0
BRDA:206,8,1,0
BRDA:217,9,0,0
BRDA:217,9,1,0
BRDA:230,10,0,0
BRDA:230,10,1,0
BRDA:241,11,0,0
BRDA:241,11,1,0
BRDA:257,12,0,0
BRDA:257,12,1,0
BRDA:266,13,0,0
BRDA:266,13,1,0
BRF:37
BRH:6
end_of_record
TN:
SF:src/session.ts
FN:22,createSession
FN:43,getSession
FN:47,removeSession
FN:58,getSessionCount
FN:63,getUserSessionCount
FNF:5
FNH:2
FNDA:3,createSession
FNDA:0,getSession
FNDA:3,removeSession
FNDA:0,getSessionCount
FNDA:0,getUserSessionCount
DA:1,1
DA:20,1
DA:22,1
DA:28,3
DA:39,3
DA:40,3
DA:43,1
DA:44,0
DA:47,1
DA:48,3
DA:49,3
DA:50,3
DA:51,3
DA:52,0
DA:54,3
DA:58,1
DA:59,0
DA:63,1
DA:64,0
DA:65,0
DA:66,0
DA:68,0
LF:22
LH:15
BRDA:49,0,0,3
BRDA:49,0,1,0
BRDA:50,1,0,0
BRDA:50,1,1,3
BRDA:51,2,0,0
BRDA:51,2,1,3
BRDA:51,3,0,3
BRDA:51,3,1,0
BRDA:66,4,0,0
BRDA:66,4,1,0
BRF:10
BRH:4
end_of_record
TN:
SF:src/summary.ts
FN:10,generateTomorrowSummary
FN:17,(anonymous_2)
FNF:2
FNH:0
FNDA:0,generateTomorrowSummary
FNDA:0,(anonymous_2)
DA:1,0
DA:4,0
DA:10,0
DA:15,0
DA:17,0
DA:18,0
DA:23,0
DA:26,0
DA:28,0
DA:43,0
DA:44,0
DA:45,0
LF:12
LH:0
BRDA:15,0,0,0
BRDA:15,0,1,0
BRDA:18,1,0,0
BRDA:18,1,1,0
BRDA:43,2,0,0
BRDA:43,2,1,0
BRF:6
BRH:0
end_of_record
